#
# A fatal error has been detected by the Java Runtime Environment:
#
#  EXCEPTION_ACCESS_VIOLATION (0xc0000005) at pc=0x000007fee45caf50, pid=14816, tid=9352
#
# JRE version: Java(TM) SE Runtime Environment (8.0_05-b13) (build 1.8.0_05-b13)
# Java VM: Java HotSpot(TM) 64-Bit Server VM (25.5-b02 mixed mode windows-amd64 compressed oops)
# Problematic frame:
# C  [librdi_common.dll+0x3af50]
#
# Failed to write core dump. Minidumps are not enabled by default on client versions of Windows
#
# If you would like to submit a bug report, please visit:
#   http://bugreport.sun.com/bugreport/crash.jsp
# The crash happened outside the Java Virtual Machine in native code.
# See problematic frame for where to report the bug.
#

---------------  T H R E A D  ---------------

Current thread (0x000000000464b000):  JavaThread "AWT-EventQueue-1" [_thread_in_native, id=9352, stack(0x00000000117b0000,0x0000000011cb0000)]

siginfo: ExceptionCode=0xc0000005, reading address 0x0000000000000040

Registers:
RAX=0x00004587474ac5da, RBX=0x00000007bd4ceb60, RCX=0x0000000000000000, RDX=0x0000000011caa390
RSP=0x0000000011caa278, RBP=0x0000000011caa3a0, RSI=0x00000000774d1f60, RDI=0x00000007bd51c700
R8 =0x0000000000000000, R9 =0x00000007008ca0f8, R10=0x000007fee45dcae0, R11=0x0000000000000002
R12=0x0000000000000000, R13=0x000000001328aed0, R14=0x0000000011caa390, R15=0x000000000464b000
RIP=0x000007fee45caf50, EFLAGS=0x0000000000010202

Top of Stack: (sp=0x0000000011caa278)
0x0000000011caa278:   000007fee45dcb0f 0000000000000000
0x0000000011caa288:   0000000000000001 00000007bd51c5e8
0x0000000011caa298:   00000007bd51c600 000000000464b1e0
0x0000000011caa2a8:   00000000122910cc 0000000000000009
0x0000000011caa2b8:   fffffffffffffffe 0000000011caa320
0x0000000011caa2c8:   0000000012277380 0000000012277380
0x0000000011caa2d8:   00000007bd51c5e8 0000000011caa2e0
0x0000000011caa2e8:   000000002f84587f 0000000011caa338
0x0000000011caa2f8:   000000002f8458e8 0000000000000000
0x0000000011caa308:   000000002f845890 0000000000000000
0x0000000011caa318:   0000000011caa330 0000000011caa390
0x0000000011caa328:   00004587474ac5da 0000000012276d45
0x0000000011caa338:   0000000013279dc3 0000000000000000
0x0000000011caa348:   0000000000000000 0000000011caa340
0x0000000011caa358:   000000000ebfad7b 0000000011caa3b0
0x0000000011caa368:   000000000ebfbde8 0000000032c69580 

Instructions: (pc=0x000007fee45caf50)
0x000007fee45caf30:   81 ae 03 00 81 ae 03 00 81 ae 03 00 6c ad 03 00
0x000007fee45caf40:   f0 ad 03 00 81 ae 03 00 d1 ac 03 00 cc cc cc cc
0x000007fee45caf50:   48 8b 49 40 e9 97 3d 00 00 cc cc cc cc cc cc cc
0x000007fee45caf60:   40 53 48 83 ec 20 48 8b d9 b9 28 00 00 00 e8 c5 


Register to memory mapping:

RAX=0x00004587474ac5da is an unknown value
RBX=0x00000007bd4ceb60 is an oop
ui.data.common.s 
 - klass: 'ui/data/common/s'
RCX=0x0000000000000000 is an unknown value
RDX=0x0000000011caa390 is pointing into the stack for thread: 0x000000000464b000
RSP=0x0000000011caa278 is pointing into the stack for thread: 0x000000000464b000
RBP=0x0000000011caa3a0 is pointing into the stack for thread: 0x000000000464b000
RSI=0x00000000774d1f60 is an unknown value
RDI=0x00000007bd51c700 is an oop

[error occurred during error reporting (printing register info), id 0xc0000005]

Stack: [0x00000000117b0000,0x0000000011cb0000],  sp=0x0000000011caa278,  free space=5096k
Native frames: (J=compiled Java code, j=interpreted, Vv=VM code, C=native code)
C  [librdi_common.dll+0x3af50]

Java frames: (J=compiled Java code, j=interpreted, Vv=VM code)
J 20196  ui.data.common.attrsi.OptGroup_createAttrSpecIter(J)J (0 bytes) @ 0x0000000013279d41 [0x0000000013279d00+0x41]
J 20185 C1 ui.data.common.s.ua()Ljava/util/List; (55 bytes) @ 0x0000000015b77efc [0x0000000015b77d00+0x1fc]
J 20195 C1 ui.data.common.s.dm(Ljava/lang/String;)Lui/data/common/e; (47 bytes) @ 0x000000001405e75c [0x000000001405e6e0+0x7c]
J 20310 C1 ui.views.b.l.R.a(Lui/data/ak;)Ljava/util/ArrayList; (217 bytes) @ 0x000000001269c8dc [0x000000001269b3e0+0x14fc]
j  ui.views.b.l.R.aW()Z+22
J 15852 C2 ui.g.V.a(Lui/views/aG;Z)V (356 bytes) @ 0x0000000013f9ed78 [0x0000000013f9e360+0xa18]
J 18524 C2 ui.g.V.afU()V (7 bytes) @ 0x0000000012b9df5c [0x0000000012b9df20+0x3c]
j  ui.views.p.l.afU()V+4
J 13700 C1 ui.views.cS.dLW()V (79 bytes) @ 0x0000000014a1a254 [0x0000000014a19e60+0x3f4]
J 14102 C1 ui.aY.O()V (88 bytes) @ 0x0000000014c65d6c [0x0000000014c65320+0xa4c]
j  ui.views.M.B.documentComponentOpened(Lcom/jidesoft/document/DocumentComponentEvent;)V+10
j  com.jidesoft.document.DocumentComponent.a(I)V+530
j  com.jidesoft.document.DocumentPane.a(Lcom/jidesoft/document/DocumentComponent;Z)V+284
j  com.jidesoft.document.DocumentPane.openDocument(Lcom/jidesoft/document/DocumentComponent;Z)V+84
j  com.jidesoft.document.DocumentPane.openDocument(Lcom/jidesoft/document/DocumentComponent;)V+3
j  ui.views.M.a.a(Lui/views/aG;Lui/views/M/C;ZZZ)V+93
j  ui.views.M.a.a(Lui/views/aG;Lui/views/M/C;ZZ)V+7
j  ui.views.N.x(Lui/views/cS;)V+167
j  ui.views.I.W.af(Lui/views/cS;)V+51
j  ui.views.I.W.y(Lui/views/I/e;)V+78
j  ui.views.b.l.D.run()V+10
j  ui.views.cR.b(I)V+26
j  ui.b.b.cm.t()V+229
j  ui.b.b.cA.finished()V+4
j  ui.frmwork.q.run()V+11
J 12249 C2 java.awt.EventQueue$3.run()Ljava/lang/Object; (5 bytes) @ 0x00000000144f8588 [0x00000000144f8200+0x388]
v  ~StubRoutines::call_stub
J 1589  java.security.AccessController.doPrivileged(Ljava/security/PrivilegedAction;Ljava/security/AccessControlContext;)Ljava/lang/Object; (0 bytes) @ 0x00000000127bfb66 [0x00000000127bfb00+0x66]
J 9437 C2 ui.frmwork.a.e.dispatchEvent(Ljava/awt/AWTEvent;)V (30 bytes) @ 0x0000000013192540 [0x0000000013192340+0x200]
J 12557 C2 java.awt.EventDispatchThread.pumpOneEventForFilters(I)V (295 bytes) @ 0x000000001388028c [0x000000001387ffe0+0x2ac]
J 14016 C2 java.awt.EventDispatchThread.pumpEventsForFilter(ILjava/awt/Conditional;Ljava/awt/EventFilter;)V (47 bytes) @ 0x0000000014c0f3a0 [0x0000000014c0f180+0x220]
j  java.awt.EventDispatchThread.pumpEventsForFilter(Ljava/awt/Conditional;Ljava/awt/EventFilter;)V+4
j  java.awt.WaitDispatchSupport$2.run()V+59
j  java.awt.WaitDispatchSupport$4.run()Ljava/lang/Void;+4
j  java.awt.WaitDispatchSupport$4.run()Ljava/lang/Object;+1
v  ~StubRoutines::call_stub
J 209  java.security.AccessController.doPrivileged(Ljava/security/PrivilegedAction;)Ljava/lang/Object; (0 bytes) @ 0x00000000123f2592 [0x00000000123f2540+0x52]
j  java.awt.WaitDispatchSupport.enter()Z+279
j  java.awt.Dialog.show()V+233
J 3667 C1 java.awt.Component.setVisible(Z)V (6 bytes) @ 0x0000000012508814 [0x00000000125086a0+0x174]
j  java.awt.Window.setVisible(Z)V+2
j  java.awt.Dialog.setVisible(Z)V+2
j  ui.b.b.N.setVisible(Z)V+2
j  ui.b.b.cm.aaE()V+52
j  ui.b.b.cx.actionPerformed(Ljava/awt/event/ActionEvent;)V+43
j  ui.b.b.cm.cqn()V+464
j  ui.views.b.l.C.actionPerformed(Ljava/awt/event/ActionEvent;)V+214
j  javax.swing.AbstractButton.fireActionPerformed(Ljava/awt/event/ActionEvent;)V+83
j  javax.swing.AbstractButton$Handler.actionPerformed(Ljava/awt/event/ActionEvent;)V+5
j  javax.swing.DefaultButtonModel.fireActionPerformed(Ljava/awt/event/ActionEvent;)V+34
j  javax.swing.DefaultButtonModel.setPressed(Z)V+117
j  javax.swing.AbstractButton.doClick(I)V+64
j  com.jidesoft.plaf.vsnet.VsnetMenuItemUI.doClick(Ljavax/swing/MenuSelectionManager;)V+17
j  com.jidesoft.plaf.vsnet.VsnetMenuItemUI$MouseInputHandler.mouseReleased(Ljava/awt/event/MouseEvent;)V+85
J 14165 C1 java.awt.AWTEventMulticaster.mouseReleased(Ljava/awt/event/MouseEvent;)V (27 bytes) @ 0x0000000014ce2274 [0x0000000014ce2060+0x214]
J 14165 C1 java.awt.AWTEventMulticaster.mouseReleased(Ljava/awt/event/MouseEvent;)V (27 bytes) @ 0x0000000014ce2274 [0x0000000014ce2060+0x214]
J 11640 C1 java.awt.Component.processMouseEvent(Ljava/awt/event/MouseEvent;)V (100 bytes) @ 0x00000000145d55cc [0x00000000145d52a0+0x32c]
J 11639 C1 javax.swing.JComponent.processMouseEvent(Ljava/awt/event/MouseEvent;)V (27 bytes) @ 0x00000000145d5e4c [0x00000000145d5ca0+0x1ac]
J 8683 C2 java.awt.Container.processEvent(Ljava/awt/AWTEvent;)V (22 bytes) @ 0x0000000013b0f13c [0x0000000013b0f020+0x11c]
J 21071 C1 java.awt.Component.dispatchEventImpl(Ljava/awt/AWTEvent;)V (883 bytes) @ 0x00000000147d4094 [0x00000000147cf4a0+0x4bf4]
J 14819 C2 java.awt.Container.dispatchEventImpl(Ljava/awt/AWTEvent;)V (129 bytes) @ 0x00000000135f78bc [0x00000000135f7860+0x5c]
J 14521 C2 java.awt.LightweightDispatcher.retargetMouseEvent(Ljava/awt/Component;ILjava/awt/event/MouseEvent;)V (350 bytes) @ 0x000000001360da78 [0x000000001360d5a0+0x4d8]
J 15269 C2 java.awt.LightweightDispatcher.processMouseEvent(Ljava/awt/event/MouseEvent;)Z (301 bytes) @ 0x0000000014f3e970 [0x0000000014f3e780+0x1f0]
J 14819 C2 java.awt.Container.dispatchEventImpl(Ljava/awt/AWTEvent;)V (129 bytes) @ 0x00000000135f7b60 [0x00000000135f7860+0x300]
J 13122 C2 java.awt.Window.dispatchEventImpl(Ljava/awt/AWTEvent;)V (23 bytes) @ 0x0000000013494a8c [0x0000000013494a40+0x4c]
J 12249 C2 java.awt.EventQueue$3.run()Ljava/lang/Object; (5 bytes) @ 0x00000000144f87a4 [0x00000000144f8200+0x5a4]
v  ~StubRoutines::call_stub
J 1589  java.security.AccessController.doPrivileged(Ljava/security/PrivilegedAction;Ljava/security/AccessControlContext;)Ljava/lang/Object; (0 bytes) @ 0x00000000127bfb66 [0x00000000127bfb00+0x66]
J 12648 C2 java.awt.EventQueue$4.run()Ljava/lang/Object; (5 bytes) @ 0x0000000012489d38 [0x0000000012489c20+0x118]
v  ~StubRoutines::call_stub
J 1589  java.security.AccessController.doPrivileged(Ljava/security/PrivilegedAction;Ljava/security/AccessControlContext;)Ljava/lang/Object; (0 bytes) @ 0x00000000127bfb66 [0x00000000127bfb00+0x66]
J 9437 C2 ui.frmwork.a.e.dispatchEvent(Ljava/awt/AWTEvent;)V (30 bytes) @ 0x0000000013192760 [0x0000000013192340+0x420]
J 12557 C2 java.awt.EventDispatchThread.pumpOneEventForFilters(I)V (295 bytes) @ 0x000000001388028c [0x000000001387ffe0+0x2ac]
J 14009% C2 java.awt.EventDispatchThread.pumpEventsForFilter(ILjava/awt/Conditional;Ljava/awt/EventFilter;)V (47 bytes) @ 0x0000000014c0c7c8 [0x0000000014c0c6c0+0x108]
j  java.awt.EventDispatchThread.pumpEventsForHierarchy(ILjava/awt/Conditional;Ljava/awt/Component;)V+11
j  java.awt.EventDispatchThread.pumpEvents(ILjava/awt/Conditional;)V+4
j  java.awt.EventDispatchThread.pumpEvents(Ljava/awt/Conditional;)V+3
j  java.awt.EventDispatchThread.run()V+9
v  ~StubRoutines::call_stub

---------------  P R O C E S S  ---------------

Java Threads: ( => current thread )
  0x0000000075af7800 JavaThread "Image Fetcher 0" daemon [_thread_blocked, id=25544, stack(0x0000000080610000,0x0000000080b10000)]
  0x000000002d4fc800 JavaThread "Thread-1398" [_thread_in_native, id=21396, stack(0x00000000775a0000,0x00000000776a0000)]
  0x0000000029fb7800 JavaThread "Refresh links" [_thread_blocked, id=21392, stack(0x0000000080080000,0x0000000080580000)]
  0x000000004e597800 JavaThread "Refresh GTs" [_thread_blocked, id=22180, stack(0x000000007e490000,0x000000007e990000)]
  0x0000000049ade800 JavaThread "Monitor File Timestamp" [_thread_blocked, id=21748, stack(0x000000007df20000,0x000000007e420000)]
  0x00000000387cf800 JavaThread "Monitor File Timestamp" [_thread_blocked, id=16256, stack(0x0000000050340000,0x0000000050840000)]
  0x0000000049b7e000 JavaThread "Monitor File Timestamp" [_thread_blocked, id=15188, stack(0x000000003b260000,0x000000003b760000)]
  0x0000000049b7e800 JavaThread "Monitor File Timestamp" [_thread_blocked, id=18040, stack(0x000000004d9e0000,0x000000004dee0000)]
  0x0000000049b7f800 JavaThread "Monitor File Timestamp" [_thread_blocked, id=17364, stack(0x000000004d420000,0x000000004d920000)]
  0x00000000387b3000 JavaThread "Update Runs" [_thread_blocked, id=14560, stack(0x000000004cf00000,0x000000004d400000)]
  0x00000000387b3800 JavaThread "Refresh Filesets" [_thread_blocked, id=17492, stack(0x000000004b650000,0x000000004bb50000)]
  0x000000000dcb3800 JavaThread "hw_ila_monitor" [_thread_blocked, id=16796, stack(0x00000000399f0000,0x0000000039ef0000)]
  0x000000002ec20800 JavaThread "Swing-Shell" daemon [_thread_blocked, id=15956, stack(0x00000000311d0000,0x00000000316d0000)]
  0x000000002ea40800 JavaThread "Monitor File Timestamp" [_thread_blocked, id=16364, stack(0x0000000030610000,0x0000000030b10000)]
  0x0000000007f61800 JavaThread "Process Messages" [_thread_blocked, id=15844, stack(0x00000000291c0000,0x00000000296c0000)]
  0x0000000007831000 JavaThread "Thread-3" [_thread_in_native, id=16176, stack(0x0000000002560000,0x0000000003960000)]
=>0x000000000464b000 JavaThread "AWT-EventQueue-1" [_thread_in_native, id=9352, stack(0x00000000117b0000,0x0000000011cb0000)]
  0x000000000b332000 JavaThread "AWT-EventQueue-0" [_thread_blocked, id=10184, stack(0x0000000011270000,0x0000000011770000)]
  0x000000000da90800 JavaThread "AWT-Windows" daemon [_thread_in_native, id=10880, stack(0x00000000104a0000,0x00000000109a0000)]
  0x000000000da98800 JavaThread "AWT-Shutdown" [_thread_blocked, id=14520, stack(0x000000000fed0000,0x00000000103d0000)]
  0x000000000dc00800 JavaThread "Java2D Disposer" daemon [_thread_blocked, id=15580, stack(0x000000000f390000,0x000000000f890000)]
  0x000000000db0c000 JavaThread "TimerQueue" daemon [_thread_blocked, id=15976, stack(0x000000000dda0000,0x000000000e2a0000)]
  0x000000000b2b5800 JavaThread "Service Thread" daemon [_thread_blocked, id=16060, stack(0x000000000d1c0000,0x000000000d6c0000)]
  0x00000000083a0800 JavaThread "C1 CompilerThread3" daemon [_thread_blocked, id=16368, stack(0x000000000d040000,0x000000000d140000)]
  0x0000000008f91800 JavaThread "C2 CompilerThread2" daemon [_thread_blocked, id=16236, stack(0x000000000ceb0000,0x000000000cfb0000)]
  0x0000000008fb1800 JavaThread "C2 CompilerThread1" daemon [_thread_blocked, id=15104, stack(0x000000000cd50000,0x000000000ce50000)]
  0x000000000b260800 JavaThread "C2 CompilerThread0" daemon [_thread_blocked, id=15584, stack(0x000000000cb30000,0x000000000cc30000)]
  0x000000000b281800 JavaThread "Attach Listener" daemon [_thread_blocked, id=2492, stack(0x000000000c5e0000,0x000000000cae0000)]
  0x000000000b271000 JavaThread "Signal Dispatcher" daemon [_thread_blocked, id=13760, stack(0x000000000c0d0000,0x000000000c5d0000)]
  0x0000000008fc4000 JavaThread "Finalizer" daemon [_thread_blocked, id=15432, stack(0x000000000bac0000,0x000000000bfc0000)]
  0x0000000008fc5800 JavaThread "Reference Handler" daemon [_thread_blocked, id=14956, stack(0x000000000b5c0000,0x000000000bac0000)]
  0x00000000043c5000 JavaThread "main" [_thread_blocked, id=14952, stack(0x0000000008400000,0x0000000008500000)]

Other Threads:
  0x0000000008fc9000 VMThread [stack: 0x000000000b3b0000,0x000000000b4b0000] [id=15516]
  0x000000000b2b4000 WatcherThread [stack: 0x000000000d7a0000,0x000000000d8a0000] [id=14852]

VM state:not at safepoint (normal execution)

VM Mutex/Monitor currently owned by a thread: None

Heap:
 PSYoungGen      total 56832K, used 19364K [0x00000007bc400000, 0x00000007c0000000, 0x00000007c0000000)
  eden space 52224K, 33% used [0x00000007bc400000,0x00000007bd54d180,0x00000007bf700000)
  from space 4608K, 35% used [0x00000007bfb80000,0x00000007bfd1c010,0x00000007c0000000)
  to   space 4608K, 0% used [0x00000007bf700000,0x00000007bf700000,0x00000007bfb80000)
 ParOldGen       total 167936K, used 116093K [0x0000000700000000, 0x000000070a400000, 0x00000007bc400000)
  object space 167936K, 69% used [0x0000000700000000,0x000000070715f430,0x000000070a400000)
 Metaspace       used 71519K, capacity 71945K, committed 72320K, reserved 1110016K
  class space    used 10774K, capacity 10859K, committed 10880K, reserved 1048576K

Card table byte_map: [0x00000000088c0000,0x0000000008ed0000] byte_map_base: 0x00000000050c0000

Marking Bits: (ParMarkBitMap*) 0x00000000702313b0
 Begin Bits: [0x0000000021270000, 0x0000000024270000)
 End Bits:   [0x0000000024270000, 0x0000000027270000)

Polling page: 0x00000000024c0000

CodeCache: size=245760Kb used=60801Kb max_used=60801Kb free=184958Kb
 bounds [0x0000000012270000, 0x0000000015e50000, 0x0000000021270000]
 total_blobs=17019 nmethods=16053 adapters=870
 compilation: enabled

Compilation events (10 events):
Event: 17661.043 Thread 0x00000000083a0800 21229       3       ui.g.e.j.u::getFilterField (5 bytes)
Event: 17661.043 Thread 0x00000000083a0800 nmethod 21229 0x000000001571fe90 code [0x00000000157200e0, 0x0000000015720bc8]
Event: 17661.045 Thread 0x00000000083a0800 21230       3       ui.views.bn::setVisible (17 bytes)
Event: 17661.045 Thread 0x00000000083a0800 nmethod 21230 0x000000001571f9d0 code [0x000000001571fb40, 0x000000001571fd78]
Event: 17661.047 Thread 0x00000000083a0800 21231       3       javax.swing.JFormattedTextField$AbstractFormatter::installDocumentFilter (39 bytes)
Event: 17661.047 Thread 0x00000000083a0800 nmethod 21231 0x0000000015108550 code [0x00000000151086e0, 0x0000000015108c08]
Event: 17661.047 Thread 0x00000000083a0800 21232       3       javax.swing.text.AbstractDocument::setDocumentFilter (6 bytes)
Event: 17661.047 Thread 0x00000000083a0800 nmethod 21232 0x0000000015108210 code [0x0000000015108360, 0x00000000151084d0]
Event: 17661.191 Thread 0x00000000083a0800 21233       3       ui.g.bj::h (8 bytes)
Event: 17661.191 Thread 0x00000000083a0800 nmethod 21233 0x0000000015107d50 code [0x0000000015107ec0, 0x0000000015108108]

GC Heap History (10 events):
Event: 17657.286 GC heap before
{Heap before GC invocations=319 (full 23):
 PSYoungGen      total 55808K, used 50368K [0x00000007bc400000, 0x00000007c0000000, 0x00000007c0000000)
  eden space 50176K, 100% used [0x00000007bc400000,0x00000007bf500000,0x00000007bf500000)
  from space 5632K, 3% used [0x00000007bf500000,0x00000007bf530000,0x00000007bfa80000)
  to   space 5632K, 0% used [0x00000007bfa80000,0x00000007bfa80000,0x00000007c0000000)
 ParOldGen       total 167936K, used 114864K [0x0000000700000000, 0x000000070a400000, 0x00000007bc400000)
  object space 167936K, 68% used [0x0000000700000000,0x000000070702c020,0x000000070a400000)
 Metaspace       used 70334K, capacity 70793K, committed 71168K, reserved 1110016K
  class space    used 10635K, capacity 10731K, committed 10752K, reserved 1048576K
Event: 17657.289 GC heap after
Heap after GC invocations=319 (full 23):
 PSYoungGen      total 55808K, used 288K [0x00000007bc400000, 0x00000007c0000000, 0x00000007c0000000)
  eden space 50176K, 0% used [0x00000007bc400000,0x00000007bc400000,0x00000007bf500000)
  from space 5632K, 5% used [0x00000007bfa80000,0x00000007bfac8000,0x00000007c0000000)
  to   space 5632K, 0% used [0x00000007bf500000,0x00000007bf500000,0x00000007bfa80000)
 ParOldGen       total 167936K, used 114896K [0x0000000700000000, 0x000000070a400000, 0x00000007bc400000)
  object space 167936K, 68% used [0x0000000700000000,0x0000000707034020,0x000000070a400000)
 Metaspace       used 70334K, capacity 70793K, committed 71168K, reserved 1110016K
  class space    used 10635K, capacity 10731K, committed 10752K, reserved 1048576K
}
Event: 17658.227 GC heap before
{Heap before GC invocations=320 (full 23):
 PSYoungGen      total 55808K, used 50464K [0x00000007bc400000, 0x00000007c0000000, 0x00000007c0000000)
  eden space 50176K, 100% used [0x00000007bc400000,0x00000007bf500000,0x00000007bf500000)
  from space 5632K, 5% used [0x00000007bfa80000,0x00000007bfac8000,0x00000007c0000000)
  to   space 5632K, 0% used [0x00000007bf500000,0x00000007bf500000,0x00000007bfa80000)
 ParOldGen       total 167936K, used 114896K [0x0000000700000000, 0x000000070a400000, 0x00000007bc400000)
  object space 167936K, 68% used [0x0000000700000000,0x0000000707034020,0x000000070a400000)
 Metaspace       used 70334K, capacity 70793K, committed 71168K, reserved 1110016K
  class space    used 10635K, capacity 10731K, committed 10752K, reserved 1048576K
Event: 17658.230 GC heap after
Heap after GC invocations=320 (full 23):
 PSYoungGen      total 55808K, used 691K [0x00000007bc400000, 0x00000007c0000000, 0x00000007c0000000)
  eden space 50176K, 0% used [0x00000007bc400000,0x00000007bc400000,0x00000007bf500000)
  from space 5632K, 12% used [0x00000007bf500000,0x00000007bf5acdd8,0x00000007bfa80000)
  to   space 5120K, 0% used [0x00000007bfb00000,0x00000007bfb00000,0x00000007c0000000)
 ParOldGen       total 167936K, used 114928K [0x0000000700000000, 0x000000070a400000, 0x00000007bc400000)
  object space 167936K, 68% used [0x0000000700000000,0x000000070703c020,0x000000070a400000)
 Metaspace       used 70334K, capacity 70793K, committed 71168K, reserved 1110016K
  class space    used 10635K, capacity 10731K, committed 10752K, reserved 1048576K
}
Event: 17659.785 GC heap before
{Heap before GC invocations=321 (full 23):
 PSYoungGen      total 55808K, used 50867K [0x00000007bc400000, 0x00000007c0000000, 0x00000007c0000000)
  eden space 50176K, 100% used [0x00000007bc400000,0x00000007bf500000,0x00000007bf500000)
  from space 5632K, 12% used [0x00000007bf500000,0x00000007bf5acdd8,0x00000007bfa80000)
  to   space 5120K, 0% used [0x00000007bfb00000,0x00000007bfb00000,0x00000007c0000000)
 ParOldGen       total 167936K, used 114928K [0x0000000700000000, 0x000000070a400000, 0x00000007bc400000)
  object space 167936K, 68% used [0x0000000700000000,0x000000070703c020,0x000000070a400000)
 Metaspace       used 70334K, capacity 70793K, committed 71168K, reserved 1110016K
  class space    used 10635K, capacity 10731K, committed 10752K, reserved 1048576K
Event: 17659.788 GC heap after
Heap after GC invocations=321 (full 23):
 PSYoungGen      total 56320K, used 544K [0x00000007bc400000, 0x00000007c0000000, 0x00000007c0000000)
  eden space 51200K, 0% used [0x00000007bc400000,0x00000007bc400000,0x00000007bf600000)
  from space 5120K, 10% used [0x00000007bfb00000,0x00000007bfb88130,0x00000007c0000000)
  to   space 5120K, 0% used [0x00000007bf600000,0x00000007bf600000,0x00000007bfb00000)
 ParOldGen       total 167936K, used 115359K [0x0000000700000000, 0x000000070a400000, 0x00000007bc400000)
  object space 167936K, 68% used [0x0000000700000000,0x00000007070a7f70,0x000000070a400000)
 Metaspace       used 70334K, capacity 70793K, committed 71168K, reserved 1110016K
  class space    used 10635K, capacity 10731K, committed 10752K, reserved 1048576K
}
Event: 17660.765 GC heap before
{Heap before GC invocations=322 (full 23):
 PSYoungGen      total 56320K, used 51744K [0x00000007bc400000, 0x00000007c0000000, 0x00000007c0000000)
  eden space 51200K, 100% used [0x00000007bc400000,0x00000007bf600000,0x00000007bf600000)
  from space 5120K, 10% used [0x00000007bfb00000,0x00000007bfb88130,0x00000007c0000000)
  to   space 5120K, 0% used [0x00000007bf600000,0x00000007bf600000,0x00000007bfb00000)
 ParOldGen       total 167936K, used 115359K [0x0000000700000000, 0x000000070a400000, 0x00000007bc400000)
  object space 167936K, 68% used [0x0000000700000000,0x00000007070a7f70,0x000000070a400000)
 Metaspace       used 71345K, capacity 71785K, committed 72320K, reserved 1110016K
  class space    used 10750K, capacity 10827K, committed 10880K, reserved 1048576K
Event: 17660.769 GC heap after
Heap after GC invocations=322 (full 23):
 PSYoungGen      total 56320K, used 1518K [0x00000007bc400000, 0x00000007c0000000, 0x00000007c0000000)
  eden space 51200K, 0% used [0x00000007bc400000,0x00000007bc400000,0x00000007bf600000)
  from space 5120K, 29% used [0x00000007bf600000,0x00000007bf77b8d8,0x00000007bfb00000)
  to   space 4608K, 0% used [0x00000007bfb80000,0x00000007bfb80000,0x00000007c0000000)
 ParOldGen       total 167936K, used 115509K [0x0000000700000000, 0x000000070a400000, 0x00000007bc400000)
  object space 167936K, 68% used [0x0000000700000000,0x00000007070cd4c0,0x000000070a400000)
 Metaspace       used 71345K, capacity 71785K, committed 72320K, reserved 1110016K
  class space    used 10750K, capacity 10827K, committed 10880K, reserved 1048576K
}
Event: 17660.988 GC heap before
{Heap before GC invocations=323 (full 23):
 PSYoungGen      total 56320K, used 52718K [0x00000007bc400000, 0x00000007c0000000, 0x00000007c0000000)
  eden space 51200K, 100% used [0x00000007bc400000,0x00000007bf600000,0x00000007bf600000)
  from space 5120K, 29% used [0x00000007bf600000,0x00000007bf77b8d8,0x00000007bfb00000)
  to   space 4608K, 0% used [0x00000007bfb80000,0x00000007bfb80000,0x00000007c0000000)
 ParOldGen       total 167936K, used 115509K [0x0000000700000000, 0x000000070a400000, 0x00000007bc400000)
  object space 167936K, 68% used [0x0000000700000000,0x00000007070cd4c0,0x000000070a400000)
 Metaspace       used 71513K, capacity 71945K, committed 72320K, reserved 1110016K
  class space    used 10772K, capacity 10859K, committed 10880K, reserved 1048576K
Event: 17660.992 GC heap after
Heap after GC invocations=323 (full 23):
 PSYoungGen      total 56832K, used 1648K [0x00000007bc400000, 0x00000007c0000000, 0x00000007c0000000)
  eden space 52224K, 0% used [0x00000007bc400000,0x00000007bc400000,0x00000007bf700000)
  from space 4608K, 35% used [0x00000007bfb80000,0x00000007bfd1c010,0x00000007c0000000)
  to   space 4608K, 0% used [0x00000007bf700000,0x00000007bf700000,0x00000007bfb80000)
 ParOldGen       total 167936K, used 116093K [0x0000000700000000, 0x000000070a400000, 0x00000007bc400000)
  object space 167936K, 69% used [0x0000000700000000,0x000000070715f430,0x000000070a400000)
 Metaspace       used 71513K, capacity 71945K, committed 72320K, reserved 1110016K
  class space    used 10772K, capacity 10859K, committed 10880K, reserved 1048576K
}

Deoptimization events (10 events):
Event: 17660.677 Thread 0x000000000464b000 Uncommon trap: reason=bimorphic action=maybe_recompile pc=0x0000000015cf9680 method=javax.swing.JTextField.setDocument(Ljavax/swing/text/Document;)V @ 10
Event: 17660.782 Thread 0x000000000464b000 Uncommon trap: reason=class_check action=maybe_recompile pc=0x0000000015ccdb74 method=java.awt.CardLayout.show(Ljava/awt/Container;Ljava/lang/String;)V @ 149
Event: 17660.805 Thread 0x000000000464b000 Uncommon trap: reason=class_check action=maybe_recompile pc=0x0000000015983a18 method=com.jidesoft.swing.JideSplitPane.removeExtraDividers()Z @ 177
Event: 17660.839 Thread 0x000000000464b000 Uncommon trap: reason=bimorphic action=maybe_recompile pc=0x0000000015cf9680 method=javax.swing.JTextField.setDocument(Ljavax/swing/text/Document;)V @ 10
Event: 17660.914 Thread 0x000000000464b000 Uncommon trap: reason=class_check action=maybe_recompile pc=0x0000000015ccdb74 method=java.awt.CardLayout.show(Ljava/awt/Container;Ljava/lang/String;)V @ 149
Event: 17661.003 Thread 0x000000000464b000 Uncommon trap: reason=class_check action=maybe_recompile pc=0x00000000139534c0 method=com.jidesoft.editor.margin.CodeFoldingMargin.paintFolding(Ljava/awt/Graphics;Lcom/jidesoft/editor/folding/FoldingSpan;I)V @ 32
Event: 17661.003 Thread 0x000000000464b000 Uncommon trap: reason=class_check action=maybe_recompile pc=0x00000000139534c0 method=com.jidesoft.editor.margin.CodeFoldingMargin.paintFolding(Ljava/awt/Graphics;Lcom/jidesoft/editor/folding/FoldingSpan;I)V @ 32
Event: 17661.003 Thread 0x000000000464b000 Uncommon trap: reason=class_check action=maybe_recompile pc=0x00000000139534c0 method=com.jidesoft.editor.margin.CodeFoldingMargin.paintFolding(Ljava/awt/Graphics;Lcom/jidesoft/editor/folding/FoldingSpan;I)V @ 32
Event: 17661.003 Thread 0x000000000464b000 Uncommon trap: reason=class_check action=maybe_recompile pc=0x00000000139534c0 method=com.jidesoft.editor.margin.CodeFoldingMargin.paintFolding(Ljava/awt/Graphics;Lcom/jidesoft/editor/folding/FoldingSpan;I)V @ 32
Event: 17661.192 Thread 0x000000000464b000 Uncommon trap: reason=unreached action=reinterpret pc=0x0000000012a11be4 method=java.lang.Throwable.getOurStackTrace()[Ljava/lang/StackTraceElement; @ 7

Internal exceptions (10 events):
Event: 17640.452 Thread 0x000000000464b000 Implicit null exception at 0x0000000012533c20 to 0x0000000012535fa1
Event: 17640.452 Thread 0x000000000464b000 Implicit null exception at 0x0000000012623a14 to 0x0000000012624025
Event: 17644.742 Thread 0x000000000464b000 Exception <a 'java/security/PrivilegedActionException'> (0x00000007beb81828) thrown at [D:\re\workspace\8-2-build-windows-amd64-cygwin\jdk8u5\2488\hotspot\src\share\vm\prims\jvm.cpp, line 1248]
Event: 17649.513 Thread 0x000000000464b000 Exception <a 'java/security/PrivilegedActionException'> (0x00000007bd7843e8) thrown at [D:\re\workspace\8-2-build-windows-amd64-cygwin\jdk8u5\2488\hotspot\src\share\vm\prims\jvm.cpp, line 1248]
Event: 17649.514 Thread 0x000000000464b000 Exception <a 'java/security/PrivilegedActionException'> (0x00000007bd787e88) thrown at [D:\re\workspace\8-2-build-windows-amd64-cygwin\jdk8u5\2488\hotspot\src\share\vm\prims\jvm.cpp, line 1248]
Event: 17649.514 Thread 0x000000000464b000 Exception <a 'java/security/PrivilegedActionException'> (0x00000007bd78f0c0) thrown at [D:\re\workspace\8-2-build-windows-amd64-cygwin\jdk8u5\2488\hotspot\src\share\vm\prims\jvm.cpp, line 1248]
Event: 17659.830 Thread 0x000000000464b000 Exception <a 'java/security/PrivilegedActionException'> (0x00000007bc9c07b8) thrown at [D:\re\workspace\8-2-build-windows-amd64-cygwin\jdk8u5\2488\hotspot\src\share\vm\prims\jvm.cpp, line 1248]
Event: 17659.944 Thread 0x000000000464b000 Exception <a 'java/security/PrivilegedActionException'> (0x00000007bca598f0) thrown at [D:\re\workspace\8-2-build-windows-amd64-cygwin\jdk8u5\2488\hotspot\src\share\vm\prims\jvm.cpp, line 1248]
Event: 17661.192 Thread 0x000000000464b000 Exception <a 'java/security/PrivilegedActionException'> (0x00000007bd5120f0) thrown at [D:\re\workspace\8-2-build-windows-amd64-cygwin\jdk8u5\2488\hotspot\src\share\vm\prims\jvm.cpp, line 1248]
Event: 17661.193 Thread 0x000000000464b000 Exception <a 'java/security/PrivilegedActionException'> (0x00000007bd519488) thrown at [D:\re\workspace\8-2-build-windows-amd64-cygwin\jdk8u5\2488\hotspot\src\share\vm\prims\jvm.cpp, line 1248]

Events (10 events):
Event: 17661.137 Executing VM operation: RevokeBias done
Event: 17661.190 loading class java/util/NoSuchElementException
Event: 17661.190 loading class java/util/NoSuchElementException done
Event: 17661.192 Thread 0x000000000464b000 Uncommon trap: trap_request=0xffffffad fr.pc=0x0000000012a11be4
Event: 17661.192 Thread 0x000000000464b000 DEOPT PACKING pc=0x0000000012a11be4 sp=0x0000000011caa1b0
Event: 17661.192 Thread 0x000000000464b000 DEOPT UNPACKING pc=0x00000000122b55af sp=0x0000000011caa170 mode 2
Event: 17661.192 loading class ui/frmwork/COutOfMemoryException
Event: 17661.192 loading class ui/frmwork/COutOfMemoryException done
Event: 17661.193 loading class ui/cu
Event: 17661.193 loading class ui/cu done


Dynamic libraries:
0x000000013f230000 - 0x000000013f26d000 	D:\edas\Xilinx\Vivado\2014.4\bin\unwrapped\win64.o\vivado.exe
0x0000000076e70000 - 0x000000007701a000 	C:\Windows\SYSTEM32\ntdll.dll
0x0000000076b10000 - 0x0000000076c2f000 	C:\Windows\system32\kernel32.dll
0x000007fefca20000 - 0x000007fefca8a000 	C:\Windows\system32\KERNELBASE.dll
0x000000000a900000 - 0x000000000a98d000 	D:\edas\Xilinx\Vivado\2014.4\lib\win64.o\SHSMP64.dll
0x0000000076c30000 - 0x0000000076d2a000 	C:\Windows\system32\USER32.dll
0x000007feff020000 - 0x000007feff087000 	C:\Windows\system32\GDI32.dll
0x000007fefeed0000 - 0x000007fefeede000 	C:\Windows\system32\LPK.dll
0x000007fefcf40000 - 0x000007fefd00a000 	C:\Windows\system32\USP10.dll
0x000007fefee30000 - 0x000007fefeecf000 	C:\Windows\system32\msvcrt.dll
0x000007fefd310000 - 0x000007fefd3eb000 	C:\Windows\system32\ADVAPI32.dll
0x000007fefec80000 - 0x000007fefec9f000 	C:\Windows\SYSTEM32\sechost.dll
0x000007fefd470000 - 0x000007fefd59d000 	C:\Windows\system32\RPCRT4.dll
0x000007fefba90000 - 0x000007fefba9c000 	C:\Windows\system32\VERSION.dll
0x000007fef0500000 - 0x000007fef0513000 	D:\edas\Xilinx\Vivado\2014.4\lib\win64.o\libboost_signals.dll
0x000007fef2470000 - 0x000007fef2517000 	C:\Windows\system32\MSVCP110.dll
0x000007fef2590000 - 0x000007fef2664000 	C:\Windows\system32\MSVCR110.dll
0x000007fee4590000 - 0x000007fee4e84000 	D:\edas\Xilinx\Vivado\2014.4\lib\win64.o\librdi_common.dll
0x000007fee5fa0000 - 0x000007fee6248000 	D:\edas\Xilinx\Vivado\2014.4\lib\win64.o\libCOIN-all.dll
0x000007fee6950000 - 0x000007fee6b70000 	D:\edas\Xilinx\Vivado\2014.4\lib\win64.o\libXil_lmgr11.dll
0x000007fefa910000 - 0x000007fefa926000 	C:\Windows\system32\NETAPI32.dll
0x000007fefa900000 - 0x000007fefa90c000 	C:\Windows\system32\netutils.dll
0x000007fefc410000 - 0x000007fefc433000 	C:\Windows\system32\srvcli.dll
0x000007fefa8e0000 - 0x000007fefa8f5000 	C:\Windows\system32\wkscli.dll
0x000007fefef80000 - 0x000007feff017000 	C:\Windows\system32\COMDLG32.dll
0x000007fefe3b0000 - 0x000007fefe421000 	C:\Windows\system32\SHLWAPI.dll
0x000007fef9810000 - 0x000007fef98b0000 	C:\Windows\WinSxS\amd64_microsoft.windows.common-controls_6595b64144ccf1df_5.82.7601.18837_none_a4d981ff711297b6\COMCTL32.dll
0x000007fefd5d0000 - 0x000007fefe35a000 	C:\Windows\system32\SHELL32.dll
0x000007fef8340000 - 0x000007fef8349000 	C:\Windows\system32\WSOCK32.dll
0x000007fefe360000 - 0x000007fefe3ad000 	C:\Windows\system32\WS2_32.dll
0x000007fefd010000 - 0x000007fefd018000 	C:\Windows\system32\NSI.dll
0x000007fefd020000 - 0x000007fefd0f8000 	C:\Windows\system32\OLEAUT32.dll
0x000007fefd100000 - 0x000007fefd303000 	C:\Windows\system32\ole32.dll
0x000007fefc9e0000 - 0x000007fefca1b000 	C:\Windows\system32\WINTRUST.dll
0x000007fefcac0000 - 0x000007fefcc2d000 	C:\Windows\system32\CRYPT32.dll
0x000007fefc9c0000 - 0x000007fefc9cf000 	C:\Windows\system32\MSASN1.dll
0x000007feface0000 - 0x000007fefacf0000 	D:\edas\Xilinx\Vivado\2014.4\lib\win64.o\libboost_date_time.dll
0x000007feeb230000 - 0x000007feeb251000 	D:\edas\Xilinx\Vivado\2014.4\lib\win64.o\libboost_filesystem.dll
0x000007fef8f50000 - 0x000007fef8f59000 	D:\edas\Xilinx\Vivado\2014.4\lib\win64.o\libboost_system.dll
0x000007fee5f20000 - 0x000007fee5f94000 	D:\edas\Xilinx\Vivado\2014.4\lib\win64.o\libboost_program_options.dll
0x000007fee5e20000 - 0x000007fee5f1b000 	D:\edas\Xilinx\Vivado\2014.4\lib\win64.o\libboost_regex.dll
0x000007feeb210000 - 0x000007feeb22c000 	D:\edas\Xilinx\Vivado\2014.4\lib\win64.o\libboost_thread.dll
0x000007fef5a40000 - 0x000007fef5a4b000 	D:\edas\Xilinx\Vivado\2014.4\lib\win64.o\libboost_chrono.dll
0x000007fee5da0000 - 0x000007fee5e20000 	D:\edas\Xilinx\Vivado\2014.4\lib\win64.o\libhdlpsolve.dll
0x000007fee5d00000 - 0x000007fee5d9a000 	D:\edas\Xilinx\Vivado\2014.4\lib\win64.o\libhdxml.dll
0x000007fee3e80000 - 0x000007fee4582000 	D:\edas\Xilinx\Vivado\2014.4\lib\win64.o\libisl_iostreams.dll
0x000007feeb1f0000 - 0x000007feeb207000 	D:\edas\Xilinx\Vivado\2014.4\lib\win64.o\libboost_iostreams.dll
0x000007feead70000 - 0x000007feead93000 	D:\edas\Xilinx\Vivado\2014.4\lib\win64.o\librdizlib.dll
0x000007feea690000 - 0x000007feea6b3000 	D:\edas\Xilinx\Vivado\2014.4\lib\win64.o\libisl_iosutils.dll
0x000007fee9650000 - 0x000007fee967a000 	D:\edas\Xilinx\Vivado\2014.4\lib\win64.o\libisl_sysinfo.dll
0x000000006fa80000 - 0x00000000702aa000 	D:\edas\Xilinx\Vivado\2014.4\tps\win64\jre\bin\server\jvm.dll
0x000007fefcda0000 - 0x000007fefcddb000 	C:\Windows\system32\WINMM.dll
0x0000000077040000 - 0x0000000077047000 	C:\Windows\system32\PSAPI.DLL
0x0000000072230000 - 0x0000000072302000 	C:\Windows\system32\MSVCR100.dll
0x000007feeb1d0000 - 0x000007feeb1e5000 	D:\edas\Xilinx\Vivado\2014.4\lib\win64.o\pthreadVC2.dll
0x000007fee7ce0000 - 0x000007fee7d36000 	D:\edas\Xilinx\Vivado\2014.4\lib\win64.o\librdi_commonxillic.dll
0x000007fee5bd0000 - 0x000007fee5d00000 	D:\edas\Xilinx\Vivado\2014.4\lib\win64.o\librdi_curl.dll
0x000007feea670000 - 0x000007feea688000 	D:\edas\Xilinx\Vivado\2014.4\lib\win64.o\librdiconfig.dll
0x000000000fc50000 - 0x000000000fd77000 	D:\edas\Xilinx\Vivado\2014.4\lib\win64.o\tcl85t.dll
0x0000000012000000 - 0x0000000012263000 	D:\edas\Xilinx\Vivado\2014.4\lib\win64.o\xerces-c_3_1.dll
0x000007fefe700000 - 0x000007fefe983000 	C:\Windows\system32\WININET.dll
0x000007fefcc70000 - 0x000007fefcc74000 	C:\Windows\system32\api-ms-win-downlevel-user32-l1-1-0.dll
0x000007fefca90000 - 0x000007fefca94000 	C:\Windows\system32\api-ms-win-downlevel-shlwapi-l1-1-0.dll
0x000007fefce10000 - 0x000007fefce14000 	C:\Windows\system32\api-ms-win-downlevel-version-l1-1-0.dll
0x000007fefcde0000 - 0x000007fefcde3000 	C:\Windows\system32\api-ms-win-downlevel-normaliz-l1-1-0.dll
0x0000000077030000 - 0x0000000077033000 	C:\Windows\system32\normaliz.DLL
0x000007fefe430000 - 0x000007fefe6f9000 	C:\Windows\system32\iertutil.dll
0x000007fefcc80000 - 0x000007fefcc85000 	C:\Windows\system32\api-ms-win-downlevel-advapi32-l1-1-0.dll
0x000007fefcdf0000 - 0x000007fefce0e000 	C:\Windows\system32\USERENV.dll
0x000007fefc9d0000 - 0x000007fefc9df000 	C:\Windows\system32\profapi.dll
0x000007fef6680000 - 0x000007fef66f1000 	C:\Windows\system32\WINHTTP.dll
0x000007fef64e0000 - 0x000007fef6544000 	C:\Windows\system32\webio.dll
0x000007fefeca0000 - 0x000007fefee25000 	C:\Windows\system32\urlmon.dll
0x000007fefccb0000 - 0x000007fefccb4000 	C:\Windows\system32\api-ms-win-downlevel-ole32-l1-1-0.dll
0x000007fee6920000 - 0x000007fee6943000 	C:\Windows\system32\VCOMP110.DLL
0x000007feea5d0000 - 0x000007feea5e1000 	D:\edas\Xilinx\Vivado\2014.4\lib\win64.o\librdi_commonmain.dll
0x000007fef4390000 - 0x000007fef4399000 	D:\edas\Xilinx\Vivado\2014.4\lib\win64.o\librdi_commonversion.dll
0x000007fefd5a0000 - 0x000007fefd5ce000 	C:\Windows\system32\IMM32.DLL
0x000007fefeb70000 - 0x000007fefec79000 	C:\Windows\system32\MSCTF.dll
0x000007fee3a90000 - 0x000007fee3e74000 	D:\edas\Xilinx\Vivado\2014.4\lib\win64.o\librdi_commontasks.dll
0x000007fee3280000 - 0x000007fee3a90000 	D:\edas\Xilinx\Vivado\2014.4\lib\win64.o\libXil_lmgr11FNP.dll
0x000007fefa3a0000 - 0x000007fefa3c7000 	C:\Windows\system32\iphlpapi.dll
0x000007fefa390000 - 0x000007fefa39b000 	C:\Windows\system32\WINNSI.DLL
0x000007fef8f80000 - 0x000007fef8f8b000 	C:\Windows\system32\snmpapi.dll
0x000007fefe990000 - 0x000007fefeb67000 	C:\Windows\system32\SETUPAPI.dll
0x000007fefccc0000 - 0x000007fefccf6000 	C:\Windows\system32\CFGMGR32.dll
0x000007fefcaa0000 - 0x000007fefcaba000 	C:\Windows\system32\DEVOBJ.dll
0x000007fef9060000 - 0x000007fef90d1000 	C:\Windows\system32\WINSPOOL.DRV
0x000007fefa710000 - 0x000007fefa764000 	C:\Windows\system32\OLEACC.dll
0x000007fefc200000 - 0x000007fefc218000 	C:\Windows\system32\CRYPTSP.dll
0x000007fefbf00000 - 0x000007fefbf47000 	C:\Windows\system32\rsaenh.dll
0x000007fefc860000 - 0x000007fefc86f000 	C:\Windows\system32\CRYPTBASE.dll
0x000007fefb0f0000 - 0x000007fefb146000 	C:\Windows\system32\uxtheme.dll
0x000007feea470000 - 0x000007feea49b000 	C:\PROGRA~2\RAPTRI~1\Raptr\ltc_help64-112298.dll
0x000007fefa520000 - 0x000007fefa535000 	C:\Windows\system32\NLAapi.dll
0x000007feef480000 - 0x000007feef495000 	C:\Windows\system32\napinsp.dll
0x000007fefeee0000 - 0x000007fefef79000 	C:\Windows\system32\CLBCatQ.DLL
0x000007feef460000 - 0x000007feef479000 	C:\Windows\system32\pnrpnsp.dll
0x000007fefc1a0000 - 0x000007fefc1f5000 	C:\Windows\System32\mswsock.dll
0x000007fefc020000 - 0x000007fefc07b000 	C:\Windows\system32\DNSAPI.dll
0x000007fef51f0000 - 0x000007fef51fb000 	C:\Windows\System32\winrnr.dll
0x0000000063560000 - 0x0000000063569000 	C:\Program Files\National Instruments\Shared\mDNS Responder\nimdnsNSP.dll
0x0000000063550000 - 0x000000006355c000 	C:\Windows\system32\nimdnsResponder.dll
0x0000000072400000 - 0x00000000724a3000 	C:\Windows\WinSxS\amd64_microsoft.vc90.crt_1fc8b3b9a1e18e3b_9.0.30729.6161_none_08e61857a83bc251\MSVCR90.dll
0x00000000723b0000 - 0x00000000723d6000 	C:\Program Files\Bonjour\mdnsNSP.dll
0x000007fefa230000 - 0x000007fefa283000 	C:\Windows\System32\fwpuclnt.dll
0x000007fefc910000 - 0x000007fefc924000 	C:\Windows\system32\RpcRtRemote.dll
0x000007fef91f0000 - 0x000007fef91f8000 	C:\Windows\system32\rasadhlp.dll
0x000007fefc190000 - 0x000007fefc197000 	C:\Windows\System32\wship6.dll
0x000007fefbb80000 - 0x000007fefbb87000 	C:\Windows\System32\wshtcpip.dll
0x000007fee2d20000 - 0x000007fee3272000 	D:\edas\Xilinx\Vivado\2014.4\lib\win64.o\librdi_coretasks.dll
0x000007fee2bf0000 - 0x000007fee2d14000 	D:\edas\Xilinx\Vivado\2014.4\lib\win64.o\librdi_board.dll
0x000007fee2a20000 - 0x000007fee2be9000 	D:\edas\Xilinx\Vivado\2014.4\lib\win64.o\librdi_chipscope.dll
0x000007fee5410000 - 0x000007fee5473000 	D:\edas\Xilinx\Vivado\2014.4\lib\win64.o\liblmx6.0.dll
0x000007fee0b60000 - 0x000007fee1c9c000 	D:\edas\Xilinx\Vivado\2014.4\lib\win64.o\librdi_constraints.dll
0x000007fee4f90000 - 0x000007fee4fc4000 	D:\edas\Xilinx\Vivado\2014.4\lib\win64.o\librdi_boarddep.dll
0x000007fedacb0000 - 0x000007fee0b52000 	D:\edas\Xilinx\Vivado\2014.4\lib\win64.o\librdi_device.dll
0x000007fee29a0000 - 0x000007fee2a1e000 	D:\edas\Xilinx\Vivado\2014.4\lib\win64.o\libboost_serialization.dll
0x000007fee2190000 - 0x000007fee299d000 	D:\edas\Xilinx\Vivado\2014.4\lib\win64.o\libverific.dll
0x000007feda9c0000 - 0x000007fedaca7000 	D:\edas\Xilinx\Vivado\2014.4\lib\win64.o\librdi_filemgmt.dll
0x000007feda5b0000 - 0x000007feda9b9000 	D:\edas\Xilinx\Vivado\2014.4\lib\win64.o\librdi_netlist.dll
0x000007feda120000 - 0x000007feda5a5000 	D:\edas\Xilinx\Vivado\2014.4\lib\win64.o\librdi_psta.dll
0x000007fed8d20000 - 0x000007feda116000 	D:\edas\Xilinx\Vivado\2014.4\lib\win64.o\librdi_coregen.dll
0x000007fed8670000 - 0x000007fed8d12000 	D:\edas\Xilinx\Vivado\2014.4\lib\win64.o\librdi_coregenipxact.dll
0x000007fed5010000 - 0x000007fed8666000 	D:\edas\Xilinx\Vivado\2014.4\lib\win64.o\librdi_designutils.dll
0x000007fed4e00000 - 0x000007fed5010000 	D:\edas\Xilinx\Vivado\2014.4\lib\win64.o\librdi_bitstream.dll
0x000007fed48c0000 - 0x000007fed4e00000 	D:\edas\Xilinx\Vivado\2014.4\lib\win64.o\librdi_xdm.dll
0x000007fed44e0000 - 0x000007fed48b7000 	D:\edas\Xilinx\Vivado\2014.4\lib\win64.o\librdi_drc.dll

VM Arguments:
jvm_args: -Dsun.java2d.pmoffscreen=false -Dsun.java2d.d3d=false -Dsun.awt.nopixfmt=true -Xverify:none -Dswing.aatext=true -XX:-UsePerfData -Djdk.map.althashing.threshold=512 -XX:StringTableSize=4072 -Djava.util.Arrays.useLegacyMergeSort=true -XX:NewSize=60m -XX:MaxNewSize=60m -Xms128m -Xmx3072m -Xss5m 
java_command: <unknown>
java_class_path (initial): D:/edas/Xilinx/Vivado/2014.4\lib\classes\alloy.jar;D:/edas/Xilinx/Vivado/2014.4\lib\classes\batik-anim.jar;D:/edas/Xilinx/Vivado/2014.4\lib\classes\batik-awt-util.jar;D:/edas/Xilinx/Vivado/2014.4\lib\classes\batik-bridge.jar;D:/edas/Xilinx/Vivado/2014.4\lib\classes\batik-codec.jar;D:/edas/Xilinx/Vivado/2014.4\lib\classes\batik-css.jar;D:/edas/Xilinx/Vivado/2014.4\lib\classes\batik-dom.jar;D:/edas/Xilinx/Vivado/2014.4\lib\classes\batik-ext.jar;D:/edas/Xilinx/Vivado/2014.4\lib\classes\batik-gui-util.jar;D:/edas/Xilinx/Vivado/2014.4\lib\classes\batik-gvt.jar;D:/edas/Xilinx/Vivado/2014.4\lib\classes\batik-parser.jar;D:/edas/Xilinx/Vivado/2014.4\lib\classes\batik-script.jar;D:/edas/Xilinx/Vivado/2014.4\lib\classes\batik-svg-dom.jar;D:/edas/Xilinx/Vivado/2014.4\lib\classes\batik-swing.jar;D:/edas/Xilinx/Vivado/2014.4\lib\classes\batik-transcoder.jar;D:/edas/Xilinx/Vivado/2014.4\lib\classes\batik-util.jar;D:/edas/Xilinx/Vivado/2014.4\lib\classes\batik-xml.jar;D:/edas/Xilinx/Vivado/2014.4\lib\classes\commons-collections-3.1.jar;D:/edas/Xilinx/Vivado/2014.4\lib\classes\commons-logging.jar;D:/edas/Xilinx/Vivado/2014.4\lib\classes\commons-math-2.2.jar;D:/edas/Xilinx/Vivado/2014.4\lib\classes\dom4j-1.6.1.jar;D:/edas/Xilinx/Vivado/2014.4\lib\classes\forms.jar;D:/edas/Xilinx/Vivado/2014.4\lib\classes\guava-15.0.jar;D:/edas/Xilinx/Vivado/2014.4\lib\classes\hibernate-jpa-2.0-api-1.0.1.Final.jar;D:/edas/Xilinx/Vivado/2014.4\lib\classes\hibernate3.jar;D:/edas/Xilinx/Vivado/2014.4\lib\classes\hsqldb.jar;D:/edas/Xilinx/Vivado/2014.4\lib\classes\informa.jar;D:/edas/Xilinx/Vivado/2014.4\lib\classes\jdom.jar;D:/edas/Xilinx/Vivado/2014.4\lib\classes\jide-action.jar;D:/edas/Xilinx/Vivado/2014.4\lib\classes\jide-charts.jar;D:/edas/Xilinx/Vivado/2014.4\lib\classes\jide-common.jar;D:/edas/Xilinx/Vivado/2014.4\lib\classes\jide-components.jar;D:/edas/Xilinx/Vivado/2014.4\lib\classes\jide-dashboard.jar;D:/edas/Xilinx/Vivado/2014.4\lib\classes\jide-data.jar;D:/edas/Xil
Launcher Type: generic

Environment Variables:
PATH=D:/edas/Xilinx/Vivado/2014.4/bin;D:/edas/Xilinx/Vivado/2014.4/lib/win64.o;D:/edas/Xilinx/Vivado/2014.4/tps/win64/jre/bin/server;D:/edas/Xilinx/Vivado/2014.4/tps/win64/jre/bin;D:/edas/Xilinx/SDK/2014.4/bin;D:/edas/Xilinx/Vivado/2014.4/ids_lite/ISE/bin/nt64;D:/edas/Xilinx/Vivado/2014.4/ids_lite/ISE/lib/nt64;C:\ProgramData\Oracle\Java\javapath;C:\CEVA-ToolBox\V10\CEVA-XC;C:\CEVA-ToolBox\V10\license;C:\CEVA-ToolBox\V10\Common;C:\Program Files (x86)\Common Files\NetSarang;C:\Windows\system32;C:\Windows;C:\Windows\System32\Wbem;C:\Windows\System32\WindowsPowerShell\v1.0\;C:\Program Files (x86)\AMD\ATI.ACE\Core-Static;d:\edas\Aldec\Active-HDL 9.1\bin;E:\Program Files\TortoiseGit\bin;D:\Program Files\TortoiseSVN\bin;D:\Program Files (x86)\Graphviz 2.28\bin;d:\edas\MATLAB\R2014a\runtime\win64;d:\edas\MATLAB\R2014a\bin;d:\edas\MATLAB\R2014a\polyspace\bin;C:\Program Files (x86)\Windows Kits\8.0\Windows Performance Toolkit\;C:\Program Files\Microsoft SQL Server\110\Tools\Binn\;d:\edas\Anaconda;d:\edas\Anaconda\Scripts;D:\Program Files\nodejs\;d:\edas\go\bin;C:\Program Files (x86)\Calibre2\;d:\edas\lscc\iCEcube2.2015.08\Aldec\Active-HDL\BIN;e:\zhaom\works\user\scripts;E:\zhaom\works\User;E:\zhaom\works\User\Scripts;D:\edas\cygwin64\usr\x86_64-w64-mingw32\sys-root\mingw\bin;C:\Users\dodo\AppData\Roaming\npm;D:\edas\modsim\win64
USERNAME=dodo
OS=Windows_NT
PROCESSOR_IDENTIFIER=Intel64 Family 6 Model 60 Stepping 3, GenuineIntel



---------------  S Y S T E M  ---------------

OS: Windows 7 , 64 bit Build 7601 Service Pack 1

CPU:total 8 (4 cores per cpu, 2 threads per core) family 6 model 60 stepping 3, cmov, cx8, fxsr, mmx, sse, sse2, sse3, ssse3, sse4.1, sse4.2, popcnt, avx, avx2, aes, clmul, erms, ht, tsc, tscinvbit

Memory: 4k page, physical 16726100k(9963112k free), swap 33450344k(21565900k free)

vm_info: Java HotSpot(TM) 64-Bit Server VM (25.5-b02) for windows-amd64 JRE (1.8.0_05-b13), built on Mar 18 2014 01:08:39 by "java_re" with MS VC++ 10.0 (VS2010)

time: Sun May 08 23:13:51 2016
elapsed time: 17661 seconds

